2016-05-31 15:11:57 pid:2322 Workerman[/mnt/hgfs/www/git/php_/project/webScoket.php] start in DEBUG mode
2016-05-31 15:13:07 pid:2322 Workerman[webScoket.php] Stopping ...
2016-05-31 15:13:07 pid:2322 Workerman[webScoket.php] has been stopped
2016-05-31 15:18:28 pid:2330 Workerman[/mnt/hgfs/www/git/php_/project/webScoket.php] start in DEBUG mode
2016-05-31 15:18:30 pid:2330 Workerman[webScoket.php] Stopping ...
2016-05-31 15:18:30 pid:2330 Workerman[webScoket.php] has been stopped
2016-05-31 15:20:43 pid:2336 Workerman[/mnt/hgfs/www/git/php_/project/webScoket.php] start in DEBUG mode
2016-05-31 15:21:16 pid:2337 Workerman[/mnt/hgfs/www/git/php_/project/webScoket.php] start in DEBUG mode
2016-05-31 15:21:19 pid:2337 Workerman[webScoket.php] Stopping ...
2016-05-31 15:21:19 pid:2337 Workerman[webScoket.php] has been stopped
2016-05-31 15:22:23 pid:2340 Workerman[/mnt/hgfs/www/git/php_/project/webScoket.php] start in DEBUG mode
2016-05-31 15:23:22 pid:2340 Workerman[webScoket.php] Stopping ...
2016-05-31 15:23:22 pid:2340 Workerman[webScoket.php] has been stopped
2016-05-31 15:23:25 pid:2343 Workerman[/mnt/hgfs/www/git/php_/project/webScoket.php] start in DEBUG mode
2016-05-31 15:26:42 pid:2343 Workerman[webScoket.php] Stopping ...
2016-05-31 15:26:42 pid:2343 Workerman[webScoket.php] has been stopped
2016-05-31 15:26:43 pid:2346 Workerman[/mnt/hgfs/www/git/php_/project/webScoket.php] start in DEBUG mode
2016-05-31 15:27:55 pid:2346 Workerman[webScoket.php] Stopping ...
2016-05-31 15:27:55 pid:2346 Workerman[webScoket.php] has been stopped
2016-05-31 15:27:56 pid:2349 Workerman[/mnt/hgfs/www/git/php_/project/webScoket.php] start in DEBUG mode
2016-05-31 15:44:32 pid:2349 Workerman[webScoket.php] Stopping ...
2016-05-31 15:44:32 pid:2349 Workerman[webScoket.php] has been stopped
2016-05-31 15:44:33 pid:2353 Workerman[/mnt/hgfs/www/git/php_/project/webScoket.php] start in DEBUG mode
2016-05-31 15:47:16 pid:2353 Workerman[webScoket.php] Stopping ...
2016-05-31 15:47:16 pid:2353 Workerman[webScoket.php] has been stopped
2016-05-31 15:47:18 pid:2356 Workerman[/mnt/hgfs/www/git/php_/project/webScoket.php] start in DEBUG mode
2016-05-31 18:16:14 pid:2356 Workerman[webScoket.php] Stopping ...
2016-05-31 18:16:14 pid:2356 Workerman[webScoket.php] has been stopped
2016-06-01 09:51:02 pid:1874 Workerman[/mnt/hgfs/www/git/php_/project/webScoket.php] start in DEBUG mode
2016-06-01 09:51:37 pid:1874 Workerman[webScoket.php] Stopping ...
2016-06-01 09:51:37 pid:1874 Workerman[webScoket.php] has been stopped
2016-06-01 09:58:01 pid:1905 Workerman[/mnt/hgfs/www/git/php_/project/webScoket.php] start in DEBUG mode
2016-06-01 10:01:26 pid:1905 Workerman[webScoket.php] Stopping ...
2016-06-01 10:01:26 pid:1905 Workerman[webScoket.php] has been stopped
2016-06-01 10:01:26 pid:1924 Workerman[/mnt/hgfs/www/git/php_/project/webScoket.php] start in DEBUG mode
2016-06-01 10:01:35 pid:1927 WORKER EXIT UNEXPECTED 
2016-06-01 10:02:12 pid:1924 Workerman[webScoket.php] Stopping ...
2016-06-01 10:02:12 pid:1924 Workerman[webScoket.php] has been stopped
2016-06-01 10:02:15 pid:1929 Workerman[/mnt/hgfs/www/git/php_/project/webScoket.php] start in DEBUG mode
2016-06-01 10:43:00 pid:1929 Workerman[webScoket.php] Stopping ...
2016-06-01 10:43:00 pid:1929 Workerman[webScoket.php] has been stopped
2016-06-01 10:43:42 pid:1956 Workerman[/mnt/hgfs/www/git/php_/project/webScoket.php] start in DEBUG mode
2016-06-01 10:47:17 pid:1956 Workerman[webScoket.php] Stopping ...
2016-06-01 10:47:17 pid:1956 Workerman[webScoket.php] has been stopped
2016-06-01 10:47:19 pid:2092 Workerman[/mnt/hgfs/www/git/php_/project/webScoket.php] start in DEBUG mode
2016-06-01 10:48:41 pid:2092 Workerman[webScoket.php] Stopping ...
2016-06-01 10:48:41 pid:2092 Workerman[webScoket.php] has been stopped
2016-06-01 10:48:53 pid:2096 Workerman[/mnt/hgfs/www/git/php_/project/webScoket.php] start in DEBUG mode
2016-06-01 10:50:31 pid:2096 Workerman[webScoket.php] Stopping ...
2016-06-01 10:50:31 pid:2096 Workerman[webScoket.php] has been stopped
2016-06-01 10:50:34 pid:2100 Workerman[/mnt/hgfs/www/git/php_/project/webScoket.php] start in DEBUG mode
2016-06-01 10:51:58 pid:2100 Workerman[webScoket.php] Stopping ...
2016-06-01 10:51:58 pid:2100 Workerman[webScoket.php] has been stopped
2016-06-01 10:51:59 pid:2104 Workerman[/mnt/hgfs/www/git/php_/project/webScoket.php] start in DEBUG mode
2016-06-01 10:52:32 pid:2104 Workerman[webScoket.php] Stopping ...
2016-06-01 10:52:32 pid:2104 Workerman[webScoket.php] has been stopped
2016-06-01 10:52:34 pid:2108 Workerman[/mnt/hgfs/www/git/php_/project/webScoket.php] start in DEBUG mode
2016-06-01 10:54:13 pid:2108 Workerman[webScoket.php] Stopping ...
2016-06-01 10:54:13 pid:2108 Workerman[webScoket.php] has been stopped
2016-06-01 10:54:14 pid:2112 Workerman[/mnt/hgfs/www/git/php_/project/webScoket.php] start in DEBUG mode
2016-06-01 10:54:43 pid:2112 Workerman[webScoket.php] Stopping ...
2016-06-01 10:54:43 pid:2112 Workerman[webScoket.php] has been stopped
2016-06-01 10:54:43 pid:2116 Workerman[/mnt/hgfs/www/git/php_/project/webScoket.php] start in DEBUG mode
2016-06-01 10:58:54 pid:2116 Workerman[webScoket.php] Stopping ...
2016-06-01 10:58:54 pid:2116 Workerman[webScoket.php] has been stopped
2016-06-01 10:58:55 pid:2120 Workerman[/mnt/hgfs/www/git/php_/project/webScoket.php] start in DEBUG mode
2016-06-01 11:00:45 pid:2120 Workerman[webScoket.php] Stopping ...
2016-06-01 11:00:45 pid:2120 Workerman[webScoket.php] has been stopped
2016-06-01 11:00:46 pid:2124 Workerman[/mnt/hgfs/www/git/php_/project/webScoket.php] start in DEBUG mode
2016-06-01 11:06:19 pid:2124 Workerman[webScoket.php] Stopping ...
2016-06-01 11:06:19 pid:2124 Workerman[webScoket.php] has been stopped
2016-06-01 11:06:21 pid:2142 Workerman[/mnt/hgfs/www/git/php_/project/webScoket.php] start in DEBUG mode
2016-06-01 11:20:33 pid:2142 Workerman[webScoket.php] Stopping ...
2016-06-01 11:20:33 pid:2142 Workerman[webScoket.php] has been stopped
2016-06-01 11:20:35 pid:2147 Workerman[/mnt/hgfs/www/git/php_/project/webScoket.php] start in DEBUG mode
2016-06-01 11:23:26 pid:2147 Workerman[webScoket.php] Stopping ...
2016-06-01 11:23:26 pid:2147 Workerman[webScoket.php] has been stopped
2016-06-01 11:23:26 pid:2151 Workerman[/mnt/hgfs/www/git/php_/project/webScoket.php] start in DEBUG mode
2016-06-01 11:26:47 pid:2151 Workerman[webScoket.php] Stopping ...
2016-06-01 11:26:47 pid:2151 Workerman[webScoket.php] has been stopped
2016-06-01 11:26:48 pid:2155 Workerman[/mnt/hgfs/www/git/php_/project/webScoket.php] start in DEBUG mode
2016-06-01 11:49:33 pid:2155 Workerman[webScoket.php] Stopping ...
2016-06-01 11:49:33 pid:2155 Workerman[webScoket.php] has been stopped
2016-06-01 11:49:34 pid:2162 Workerman[/mnt/hgfs/www/git/php_/project/webScoket.php] start in DEBUG mode
2016-06-01 12:26:28 pid:2162 Workerman[webScoket.php] Stopping ...
2016-06-01 12:26:28 pid:2162 Workerman[webScoket.php] has been stopped
2016-06-01 12:26:29 pid:2180 Workerman[/mnt/hgfs/www/git/php_/project/webScoket.php] start in DEBUG mode
2016-06-01 12:29:03 pid:2180 Workerman[webScoket.php] Stopping ...
2016-06-01 12:29:04 pid:2180 Workerman[webScoket.php] has been stopped
2016-06-01 12:29:05 pid:2187 Workerman[/mnt/hgfs/www/git/php_/project/webScoket.php] start in DEBUG mode
2016-06-01 12:33:15 pid:2187 Workerman[webScoket.php] Stopping ...
2016-06-01 12:33:15 pid:2187 Workerman[webScoket.php] has been stopped
2016-06-01 12:33:16 pid:2191 Workerman[/mnt/hgfs/www/git/php_/project/webScoket.php] start in DEBUG mode
2016-06-01 12:43:04 pid:2191 Workerman[webScoket.php] Stopping ...
2016-06-01 12:43:05 pid:2191 Workerman[webScoket.php] has been stopped
2016-06-01 12:43:06 pid:2213 Workerman[/mnt/hgfs/www/git/php_/project/webScoket.php] start in DEBUG mode
2016-06-01 13:29:25 pid:2213 Workerman[webScoket.php] Stopping ...
2016-06-01 13:29:25 pid:2213 Workerman[webScoket.php] has been stopped
2016-06-01 13:29:28 pid:2250 Workerman[/mnt/hgfs/www/git/php_/project/webScoket.php] start in DEBUG mode
2016-06-01 13:30:09 pid:2250 Workerman[webScoket.php] Stopping ...
2016-06-01 13:30:09 pid:2250 Workerman[webScoket.php] has been stopped
2016-06-01 13:30:10 pid:2253 Workerman[/mnt/hgfs/www/git/php_/project/webScoket.php] start in DEBUG mode
2016-06-01 13:41:33 pid:2253 Workerman[webScoket.php] Stopping ...
2016-06-01 13:41:33 pid:2253 Workerman[webScoket.php] has been stopped
2016-06-01 13:41:34 pid:2255 Workerman[/mnt/hgfs/www/git/php_/project/webScoket.php] start in DEBUG mode
2016-06-01 13:45:23 pid:2255 Workerman[webScoket.php] Stopping ...
2016-06-01 13:45:23 pid:2255 Workerman[webScoket.php] has been stopped
2016-06-01 13:47:08 pid:2258 Workerman[/mnt/hgfs/www/git/php_/project/webScoket.php] start in DEBUG mode
2016-06-01 13:52:15 pid:2258 Workerman[webScoket.php] Stopping ...
2016-06-01 13:52:15 pid:2258 Workerman[webScoket.php] has been stopped
2016-06-01 13:52:16 pid:2260 Workerman[/mnt/hgfs/www/git/php_/project/webScoket.php] start in DEBUG mode
2016-06-01 13:59:25 pid:2260 Workerman[webScoket.php] Stopping ...
2016-06-01 13:59:25 pid:2260 Workerman[webScoket.php] has been stopped
2016-06-01 13:59:52 pid:2262 Workerman[/mnt/hgfs/www/git/php_/project/webScoket.php] start in DEBUG mode
2016-06-01 14:01:00 pid:2262 Workerman[webScoket.php] Stopping ...
2016-06-01 14:01:00 pid:2262 Workerman[webScoket.php] has been stopped
2016-06-01 14:01:25 pid:2276 Workerman[/mnt/hgfs/www/git/php_/project/webScoket.php] start in DEBUG mode
2016-06-01 14:02:53 pid:2276 Workerman[webScoket.php] Stopping ...
2016-06-01 14:02:53 pid:2276 Workerman[webScoket.php] has been stopped
2016-06-01 14:02:57 pid:2278 Workerman[/mnt/hgfs/www/git/php_/project/webScoket.php] start in DEBUG mode
2016-06-01 14:03:44 pid:2278 Workerman[webScoket.php] Stopping ...
2016-06-01 14:03:44 pid:2278 Workerman[webScoket.php] has been stopped
2016-06-01 14:03:48 pid:2280 Workerman[/mnt/hgfs/www/git/php_/project/webScoket.php] start in DEBUG mode
2016-06-01 14:06:01 pid:2280 Workerman[webScoket.php] Stopping ...
2016-06-01 14:06:01 pid:2280 Workerman[webScoket.php] has been stopped
2016-06-01 14:06:05 pid:2282 Workerman[/mnt/hgfs/www/git/php_/project/webScoket.php] start in DEBUG mode
2016-06-01 14:06:27 pid:2282 Workerman[webScoket.php] Stopping ...
2016-06-01 14:06:27 pid:2282 Workerman[webScoket.php] has been stopped
2016-06-01 14:14:11 pid:2284 Workerman[/mnt/hgfs/www/git/php_/project/webScoket.php] start in DEBUG mode
2016-06-01 14:14:47 pid:2284 Workerman[webScoket.php] Stopping ...
2016-06-01 14:14:47 pid:2284 Workerman[webScoket.php] has been stopped
2016-06-01 14:14:49 pid:2287 Workerman[/mnt/hgfs/www/git/php_/project/webScoket.php] start in DEBUG mode
2016-06-01 14:15:49 pid:2287 Workerman[webScoket.php] Stopping ...
2016-06-01 14:15:49 pid:2287 Workerman[webScoket.php] has been stopped
2016-06-01 14:15:50 pid:2289 Workerman[/mnt/hgfs/www/git/php_/project/webScoket.php] start in DEBUG mode
2016-06-01 14:16:21 pid:2289 Workerman[webScoket.php] Stopping ...
2016-06-01 14:16:21 pid:2289 Workerman[webScoket.php] has been stopped
2016-06-01 14:16:22 pid:2291 Workerman[/mnt/hgfs/www/git/php_/project/webScoket.php] start in DEBUG mode
2016-06-01 15:13:19 pid:2291 Workerman[webScoket.php] Stopping ...
2016-06-01 15:13:19 pid:2291 Workerman[webScoket.php] has been stopped
2016-06-01 15:13:20 pid:2310 Workerman[/mnt/hgfs/www/git/php_/project/webScoket.php] start in DEBUG mode
2016-06-01 15:15:34 pid:2310 Workerman[webScoket.php] Stopping ...
2016-06-01 15:15:34 pid:2310 Workerman[webScoket.php] has been stopped
2016-06-01 15:15:47 pid:2313 Workerman[/mnt/hgfs/www/git/php_/project/webScoket.php] start in DEBUG mode
2016-06-01 15:18:15 pid:2313 Workerman[webScoket.php] Stopping ...
2016-06-01 15:18:15 pid:2313 Workerman[webScoket.php] has been stopped
2016-06-01 15:22:40 pid:2315 Workerman[/mnt/hgfs/www/git/php_/project/webScoket.php] start in DEBUG mode
2016-06-01 15:22:41 pid:2316 Error: Cannot use object of type stdClass as array in /mnt/hgfs/www/git/php_/project/App/index/Contr/webScoketContr.class.php:26
Stack trace:
#0 [internal function]: App\index\Contr\webScoketContr->App\index\Contr\{closure}(Object(Workerman\Connection\TcpConnection), Object(stdClass))
#1 /mnt/hgfs/www/git/php_/project/Main/Core/Workerman/Connection/TcpConnection.php(425): call_user_func(Object(Closure), Object(Workerman\Connection\TcpConnection), '{"act":"login",...')
#2 [internal function]: Workerman\Connection\TcpConnection->baseRead(Resource id #31)
#3 /mnt/hgfs/www/git/php_/project/Main/Core/Workerman/Events/Select.php(250): call_user_func_array(Array, Array)
#4 /mnt/hgfs/www/git/php_/project/Main/Core/Workerman/Worker.php(1472): Workerman\Events\Select->loop()
#5 /mnt/hgfs/www/git/php_/project/Main/Core/Workerman/Worker.php(900): Workerman\Worker->run()
#6 /mnt/hgfs/www/git/php_/project/Main/Core/Workerman/Worker.php(866): Workerman\Worker::forkOneWorker(Object(Workerman\Worker))
#7 /mnt/hgfs/www/git/php_/project/Main/Core/Workerman/Worker.php(422): Workerman\Worker::forkWorkers()
#8 /mnt/hgfs/www/git/php_/project/Main/Core/Workerman.class.php(48): Workerman\Worker::runAll()
#9 /mnt/hgfs/www/git/php_/project/App/index/Contr/webScoketContr.class.php(38): Main\Core\Workerman->runAll()
#10 /mnt/hgfs/www/git/php_/project/Main/Core/Route.class.php(66): App\index\Contr\webScoketContr->indexDo()
#11 /mnt/hgfs/www/git/php_/project/Main/Core/Route.class.php(30): Main\Core\Route::doMethod()
#12 /mnt/hgfs/www/git/php_/project/init.php(15): Main\Core\Route::Start()
#13 /mnt/hgfs/www/git/php_/project/webScoket.php(4): require('/mnt/hgfs/www/g...')
#14 {main}
2016-06-01 15:22:41 pid:2316 WORKER EXIT UNEXPECTED 
2016-06-01 15:22:41 pid:2315 worker[none:2316] exit with status 64000
2016-06-01 15:27:18 pid:2317 Error: Cannot use object of type stdClass as array in /mnt/hgfs/www/git/php_/project/App/index/Contr/webScoketContr.class.php:26
Stack trace:
#0 [internal function]: App\index\Contr\webScoketContr->App\index\Contr\{closure}(Object(Workerman\Connection\TcpConnection), Object(stdClass))
#1 /mnt/hgfs/www/git/php_/project/Main/Core/Workerman/Connection/TcpConnection.php(425): call_user_func(Object(Closure), Object(Workerman\Connection\TcpConnection), '{"act":"login",...')
#2 [internal function]: Workerman\Connection\TcpConnection->baseRead(Resource id #32)
#3 /mnt/hgfs/www/git/php_/project/Main/Core/Workerman/Events/Select.php(250): call_user_func_array(Array, Array)
#4 /mnt/hgfs/www/git/php_/project/Main/Core/Workerman/Worker.php(1472): Workerman\Events\Select->loop()
#5 /mnt/hgfs/www/git/php_/project/Main/Core/Workerman/Worker.php(900): Workerman\Worker->run()
#6 /mnt/hgfs/www/git/php_/project/Main/Core/Workerman/Worker.php(866): Workerman\Worker::forkOneWorker(Object(Workerman\Worker))
#7 /mnt/hgfs/www/git/php_/project/Main/Core/Workerman/Worker.php(1018): Workerman\Worker::forkWorkers()
#8 /mnt/hgfs/www/git/php_/project/Main/Core/Workerman/Worker.php(425): Workerman\Worker::monitorWorkers()
#9 /mnt/hgfs/www/git/php_/project/Main/Core/Workerman.class.php(48): Workerman\Worker::runAll()
#10 /mnt/hgfs/www/git/php_/project/App/index/Contr/webScoketContr.class.php(38): Main\Core\Workerman->runAll()
#11 /mnt/hgfs/www/git/php_/project/Main/Core/Route.class.php(66): App\index\Contr\webScoketContr->indexDo()
#12 /mnt/hgfs/www/git/php_/project/Main/Core/Route.class.php(30): Main\Core\Route::doMethod()
#13 /mnt/hgfs/www/git/php_/project/init.php(15): Main\Core\Route::Start()
#14 /mnt/hgfs/www/git/php_/project/webScoket.php(4): require('/mnt/hgfs/www/g...')
#15 {main}
2016-06-01 15:27:18 pid:2317 WORKER EXIT UNEXPECTED 
2016-06-01 15:27:18 pid:2315 worker[none:2317] exit with status 64000
2016-06-01 15:27:41 pid:2315 Workerman[webScoket.php] Stopping ...
2016-06-01 15:27:41 pid:2315 Workerman[webScoket.php] has been stopped
2016-06-01 15:27:42 pid:2320 Workerman[/mnt/hgfs/www/git/php_/project/webScoket.php] start in DEBUG mode
2016-06-01 15:27:44 pid:2321 Error: Cannot use object of type stdClass as array in /mnt/hgfs/www/git/php_/project/App/index/Contr/webScoketContr.class.php:26
Stack trace:
#0 [internal function]: App\index\Contr\webScoketContr->App\index\Contr\{closure}(Object(Workerman\Connection\TcpConnection), Object(stdClass))
#1 /mnt/hgfs/www/git/php_/project/Main/Core/Workerman/Connection/TcpConnection.php(425): call_user_func(Object(Closure), Object(Workerman\Connection\TcpConnection), '{"act":"login",...')
#2 [internal function]: Workerman\Connection\TcpConnection->baseRead(Resource id #30)
#3 /mnt/hgfs/www/git/php_/project/Main/Core/Workerman/Events/Select.php(250): call_user_func_array(Array, Array)
#4 /mnt/hgfs/www/git/php_/project/Main/Core/Workerman/Worker.php(1472): Workerman\Events\Select->loop()
#5 /mnt/hgfs/www/git/php_/project/Main/Core/Workerman/Worker.php(900): Workerman\Worker->run()
#6 /mnt/hgfs/www/git/php_/project/Main/Core/Workerman/Worker.php(866): Workerman\Worker::forkOneWorker(Object(Workerman\Worker))
#7 /mnt/hgfs/www/git/php_/project/Main/Core/Workerman/Worker.php(422): Workerman\Worker::forkWorkers()
#8 /mnt/hgfs/www/git/php_/project/Main/Core/Workerman.class.php(48): Workerman\Worker::runAll()
#9 /mnt/hgfs/www/git/php_/project/App/index/Contr/webScoketContr.class.php(38): Main\Core\Workerman->runAll()
#10 /mnt/hgfs/www/git/php_/project/Main/Core/Route.class.php(66): App\index\Contr\webScoketContr->indexDo()
#11 /mnt/hgfs/www/git/php_/project/Main/Core/Route.class.php(30): Main\Core\Route::doMethod()
#12 /mnt/hgfs/www/git/php_/project/init.php(15): Main\Core\Route::Start()
#13 /mnt/hgfs/www/git/php_/project/webScoket.php(4): require('/mnt/hgfs/www/g...')
#14 {main}
2016-06-01 15:27:44 pid:2321 WORKER EXIT UNEXPECTED 
2016-06-01 15:27:44 pid:2320 worker[none:2321] exit with status 64000
2016-06-01 15:28:47 pid:2320 Workerman[webScoket.php] Stopping ...
2016-06-01 15:28:47 pid:2320 Workerman[webScoket.php] has been stopped
2016-06-01 15:28:48 pid:2323 Workerman[/mnt/hgfs/www/git/php_/project/webScoket.php] start in DEBUG mode
2016-06-01 15:45:43 pid:2323 Workerman[webScoket.php] Stopping ...
2016-06-01 15:45:43 pid:2323 Workerman[webScoket.php] has been stopped
2016-06-01 15:45:44 pid:2327 Workerman[/mnt/hgfs/www/git/php_/project/webScoket.php] start in DEBUG mode
2016-06-01 15:48:29 pid:2327 Workerman[webScoket.php] Stopping ...
2016-06-01 15:48:29 pid:2327 Workerman[webScoket.php] has been stopped
2016-06-01 15:48:29 pid:2330 Workerman[/mnt/hgfs/www/git/php_/project/webScoket.php] start in DEBUG mode
2016-06-01 15:48:55 pid:2330 Workerman[webScoket.php] Stopping ...
2016-06-01 15:48:55 pid:2330 Workerman[webScoket.php] has been stopped
2016-06-01 15:48:55 pid:2332 Workerman[/mnt/hgfs/www/git/php_/project/webScoket.php] start in DEBUG mode
2016-06-01 15:50:50 pid:2332 Workerman[webScoket.php] Stopping ...
2016-06-01 15:50:50 pid:2332 Workerman[webScoket.php] has been stopped
2016-06-01 15:50:52 pid:2334 Workerman[/mnt/hgfs/www/git/php_/project/webScoket.php] start in DEBUG mode
2016-06-01 15:50:53 pid:2335 WORKER EXIT UNEXPECTED 
2016-06-01 15:51:11 pid:2336 WORKER EXIT UNEXPECTED 
2016-06-01 15:51:55 pid:2334 Workerman[webScoket.php] Stopping ...
2016-06-01 15:51:55 pid:2334 Workerman[webScoket.php] has been stopped
2016-06-01 15:56:09 pid:2338 Workerman[/mnt/hgfs/www/git/php_/project/webScoket.php] start in DEBUG mode
2016-06-01 18:13:35 pid:2338 Workerman[webScoket.php] Stopping ...
2016-06-01 18:13:35 pid:2338 Workerman[webScoket.php] has been stopped
