2016-06-06 11:27:54 pid:1985 Workerman[/mnt/hgfs/www/git/php_/project/webScoket.php] start in DEBUG mode
2016-06-06 11:58:11 pid:1985 Workerman[webScoket.php] Stopping ...
2016-06-06 11:58:11 pid:1985 Workerman[webScoket.php] has been stopped
2016-06-06 11:58:12 pid:1989 Workerman[/mnt/hgfs/www/git/php_/project/webScoket.php] start in DEBUG mode
2016-06-06 12:01:50 pid:1989 Workerman[webScoket.php] Stopping ...
2016-06-06 12:01:51 pid:1989 Workerman[webScoket.php] has been stopped
2016-06-06 12:01:55 pid:2005 Workerman[/mnt/hgfs/www/git/php_/project/webScoket.php] start in DEBUG mode
2016-06-06 12:03:47 pid:2005 Workerman[webScoket.php] Stopping ...
2016-06-06 12:03:47 pid:2005 Workerman[webScoket.php] has been stopped
2016-06-06 12:03:50 pid:2007 Workerman[/mnt/hgfs/www/git/php_/project/webScoket.php] start in DEBUG mode
2016-06-06 13:52:04 pid:2007 Workerman[webScoket.php] Stopping ...
2016-06-06 13:52:04 pid:2007 Workerman[webScoket.php] has been stopped
2016-06-06 13:52:08 pid:2029 Workerman[/mnt/hgfs/www/git/php_/project/webScoket.php] start in DEBUG mode
2016-06-06 14:03:39 pid:2029 Workerman[webScoket.php] Stopping ...
2016-06-06 14:03:40 pid:2029 Workerman[webScoket.php] has been stopped
2016-06-06 14:03:46 pid:2043 Workerman[/mnt/hgfs/www/git/php_/project/webScoket.php] start in DEBUG mode
2016-06-06 14:07:11 pid:2043 Workerman[webScoket.php] Stopping ...
2016-06-06 14:07:11 pid:2043 Workerman[webScoket.php] has been stopped
2016-06-06 14:07:14 pid:2045 Workerman[/mnt/hgfs/www/git/php_/project/webScoket.php] start in DEBUG mode
2016-06-06 14:10:13 pid:2045 Workerman[webScoket.php] Stopping ...
2016-06-06 14:10:14 pid:2045 Workerman[webScoket.php] has been stopped
2016-06-06 14:10:17 pid:2047 Workerman[/mnt/hgfs/www/git/php_/project/webScoket.php] start in DEBUG mode
2016-06-06 14:15:08 pid:2068 Workerman[/mnt/hgfs/www/git/php_/project/webScoket.php] start in DEBUG mode
2016-06-06 14:15:08 pid:2068 Workerman[/mnt/hgfs/www/git/php_/project/webScoket.php] already running
2016-06-06 14:15:17 pid:2069 Workerman[/mnt/hgfs/www/git/php_/project/webScoket.php] stop 
2016-06-06 14:15:17 pid:2069 Workerman[/mnt/hgfs/www/git/php_/project/webScoket.php] is stoping ...
2016-06-06 14:15:17 pid:2047 Workerman[webScoket.php] Stopping ...
2016-06-06 14:15:17 pid:2069 Workerman[/mnt/hgfs/www/git/php_/project/webScoket.php] stop success
2016-06-06 14:15:21 pid:2070 Workerman[/mnt/hgfs/www/git/php_/project/webScoket.php] stop 
2016-06-06 14:15:21 pid:2070 Workerman[/mnt/hgfs/www/git/php_/project/webScoket.php] not run
2016-06-06 14:15:24 pid:2071 Workerman[/mnt/hgfs/www/git/php_/project/webScoket.php] start in DEBUG mode
2016-06-06 14:15:32 pid:2072 Error: Cannot use object of type stdClass as array in /mnt/hgfs/www/git/php_/project/App/index/Contr/webScoketContr.class.php:28
Stack trace:
#0 [internal function]: App\index\Contr\webScoketContr->App\index\Contr\{closure}(Object(Workerman\Connection\TcpConnection), Object(stdClass))
#1 /mnt/hgfs/www/git/php_/project/Main/Core/Workerman/Connection/TcpConnection.php(425): call_user_func(Object(Closure), Object(Workerman\Connection\TcpConnection), '{"to_id":"11","...')
#2 [internal function]: Workerman\Connection\TcpConnection->baseRead(Resource id #32)
#3 /mnt/hgfs/www/git/php_/project/Main/Core/Workerman/Events/Select.php(250): call_user_func_array(Array, Array)
#4 /mnt/hgfs/www/git/php_/project/Main/Core/Workerman/Worker.php(1472): Workerman\Events\Select->loop()
#5 /mnt/hgfs/www/git/php_/project/Main/Core/Workerman/Worker.php(900): Workerman\Worker->run()
#6 /mnt/hgfs/www/git/php_/project/Main/Core/Workerman/Worker.php(866): Workerman\Worker::forkOneWorker(Object(Workerman\Worker))
#7 /mnt/hgfs/www/git/php_/project/Main/Core/Workerman/Worker.php(422): Workerman\Worker::forkWorkers()
#8 /mnt/hgfs/www/git/php_/project/Main/Core/Workerman.class.php(41): Workerman\Worker::runAll()
#9 /mnt/hgfs/www/git/php_/project/App/index/Contr/webScoketContr.class.php(41): Main\Core\Workerman->runAll()
#10 /mnt/hgfs/www/git/php_/project/Main/Core/Route.class.php(70): App\index\Contr\webScoketContr->indexDo()
#11 /mnt/hgfs/www/git/php_/project/Main/Core/Route.class.php(30): Main\Core\Route::doMethod()
#12 /mnt/hgfs/www/git/php_/project/init.php(15): Main\Core\Route::Start()
#13 /mnt/hgfs/www/git/php_/project/webScoket.php(4): require('/mnt/hgfs/www/g...')
#14 {main}
2016-06-06 14:15:32 pid:2072 WORKER EXIT UNEXPECTED 
2016-06-06 14:15:32 pid:2071 worker[none:2072] exit with status 64000
2016-06-06 14:22:53 pid:2071 Workerman[webScoket.php] Stopping ...
2016-06-06 14:22:53 pid:2071 Workerman[webScoket.php] has been stopped
2016-06-06 14:22:54 pid:2076 Workerman[/mnt/hgfs/www/git/php_/project/webScoket.php] start in DEBUG mode
2016-06-06 14:30:41 pid:2076 Workerman[webScoket.php] Stopping ...
2016-06-06 14:30:41 pid:2076 Workerman[webScoket.php] has been stopped
2016-06-06 14:30:41 pid:2080 Workerman[/mnt/hgfs/www/git/php_/project/webScoket.php] start in DEBUG mode
2016-06-06 14:34:34 pid:2080 Workerman[webScoket.php] Stopping ...
2016-06-06 14:34:34 pid:2080 Workerman[webScoket.php] has been stopped
2016-06-06 14:34:35 pid:2082 Workerman[/mnt/hgfs/www/git/php_/project/webScoket.php] start in DEBUG mode
2016-06-06 14:51:34 pid:2082 Workerman[webScoket.php] Stopping ...
2016-06-06 14:51:34 pid:2082 Workerman[webScoket.php] has been stopped
2016-06-06 14:51:36 pid:2084 Workerman[/mnt/hgfs/www/git/php_/project/webScoket.php] start in DEBUG mode
2016-06-06 14:59:36 pid:2085 Error: Call to undefined method App\index\Img\uploadImg::post() in /mnt/hgfs/www/git/php_/project/App/index/Img/uploadImg.class.php:8
Stack trace:
#0 /mnt/hgfs/www/git/php_/project/App/index/Contr/webScoketContr.class.php(26): App\index\Img\uploadImg->saveImg('data/upload/img...')
#1 [internal function]: App\index\Contr\webScoketContr->App\index\Contr\{closure}(Object(Workerman\Connection\TcpConnection), Array)
#2 /mnt/hgfs/www/git/php_/project/Main/Core/Workerman/Connection/TcpConnection.php(425): call_user_func(Object(Closure), Object(Workerman\Connection\TcpConnection), '{"to_id":"11","...')
#3 [internal function]: Workerman\Connection\TcpConnection->baseRead(Resource id #37)
#4 /mnt/hgfs/www/git/php_/project/Main/Core/Workerman/Events/Select.php(250): call_user_func_array(Array, Array)
#5 /mnt/hgfs/www/git/php_/project/Main/Core/Workerman/Worker.php(1472): Workerman\Events\Select->loop()
#6 /mnt/hgfs/www/git/php_/project/Main/Core/Workerman/Worker.php(900): Workerman\Worker->run()
#7 /mnt/hgfs/www/git/php_/project/Main/Core/Workerman/Worker.php(866): Workerman\Worker::forkOneWorker(Object(Workerman\Worker))
#8 /mnt/hgfs/www/git/php_/project/Main/Core/Workerman/Worker.php(422): Workerman\Worker::forkWorkers()
#9 /mnt/hgfs/www/git/php_/project/Main/Core/Workerman.class.php(41): Workerman\Worker::runAll()
#10 /mnt/hgfs/www/git/php_/project/App/index/Contr/webScoketContr.class.php(41): Main\Core\Workerman->runAll()
#11 /mnt/hgfs/www/git/php_/project/Main/Core/Route.class.php(70): App\index\Contr\webScoketContr->indexDo()
#12 /mnt/hgfs/www/git/php_/project/Main/Core/Route.class.php(30): Main\Core\Route::doMethod()
#13 /mnt/hgfs/www/git/php_/project/init.php(15): Main\Core\Route::Start()
#14 /mnt/hgfs/www/git/php_/project/webScoket.php(4): require('/mnt/hgfs/www/g...')
#15 {main}
2016-06-06 14:59:36 pid:2085 WORKER EXIT UNEXPECTED 
2016-06-06 14:59:36 pid:2084 worker[none:2085] exit with status 64000
2016-06-06 15:00:20 pid:2084 Workerman[webScoket.php] Stopping ...
2016-06-06 15:00:21 pid:2084 Workerman[webScoket.php] has been stopped
2016-06-06 15:00:21 pid:2088 Workerman[/mnt/hgfs/www/git/php_/project/webScoket.php] start in DEBUG mode
2016-06-06 15:01:24 pid:2088 Workerman[webScoket.php] Stopping ...
2016-06-06 15:01:25 pid:2088 Workerman[webScoket.php] has been stopped
